<?xml version="1.0" encoding="UTF-8"?>
<!-- Generated by org.testng.reporters.JUnitReportReporter -->
<testsuite skipped="0" hostname="NATARAJAN" name="com.vodafone.automation.framework.test.TestSuite1" tests="1" failures="0" timestamp="29 Aug 2018 09:34:47 GMT" time="22.888" errors="0">
  <testcase name="register" time="22.888" classname="com.vodafone.automation.framework.test.TestSuite1"/>
</testsuite> <!-- com.vodafone.automation.framework.test.TestSuite1 -->
